<?xml version="1.0" encoding="UTF-8"?>
<testsuite xmlns:xsi="http://www.w3.org/2001/XMLSchema-instance" xsi:noNamespaceSchemaLocation="https://maven.apache.org/surefire/maven-surefire-plugin/xsd/surefire-test-report.xsd" name="ssvv.example.service.ServiceTest" time="0.231" tests="2" errors="0" skipped="0" failures="0">
  <properties>
[...]
</properties>
  <testcase name="givenValidStudent_shouldReturnStudent" classname="ssvv.example.service.ServiceTest" time="0.2"/>
  <testcase name="givenValidStudent_withStudentAlreadySavedInMemory_shouldReturnNull" classname="ssvv.example.service.ServiceTest" time="0.031"/>
</testsuite>